node:events:491
      throw er; // Unhandled 'error' event
      ^

Error: listen EADDRINUSE: address already in use :::5000
    at Server.setupListenHandle [as _listen2] (node:net:1937:16)
    at listenInCluster (node:net:1994:12)
    at Server.listen (node:net:2099:7)
    at Function.listen (/Users/I342464/myworks/genAI/futuristic-kanban/backend/node_modules/express/lib/application.js:635:24)
    at Object.<anonymous> (/Users/I342464/myworks/genAI/futuristic-kanban/backend/server.js:141:5)
    at Module._compile (node:internal/modules/cjs/loader:1740:14)
    at Object..js (node:internal/modules/cjs/loader:1905:10)
    at Module.load (node:internal/modules/cjs/loader:1474:32)
    at Function._load (node:internal/modules/cjs/loader:1286:12)
    at TracingChannel.traceSync (node:diagnostics_channel:322:14)
Emitted 'error' event on Server instance at:
    at emitErrorNT (node:net:1973:8)
    at process.processTicksAndRejections (node:internal/process/task_queues:90:21) {
  code: 'EADDRINUSE',
  errno: -48,
  syscall: 'listen',
  address: '::',
  port: 5000
}

Node.js v23.5.0
